Build started 6/25/2016 3:55:10 AM.
     1>Project "C:\Users\blaza\Documents\Projects\BlockadeVS - Copy\blockade_vs\blockade_vs.vcxproj" on node 2 (Build target(s)).
     1>ClCompile:
         C:\Program Files (x86)\Microsoft Visual Studio 14.0\VC\bin\x86_amd64\CL.exe /c /ZI /nologo /W3 /WX- /sdl /Od /D WIN32 /D _DEBUG /D _CONSOLE /D _UNICODE /D UNICODE /Gm /EHsc /RTC1 /MDd /GS /fp:precise /Zc:wchar_t /Zc:forScope /Zc:inline /Fo"C:\Users\blaza\Documents\Projects\BlockadeVS - Copy\\interim\x64\Debug\\" /Fd"C:\Users\blaza\Documents\Projects\BlockadeVS - Copy\\interim\x64\Debug\vc140.pdb" /Gd /TP /errorReport:prompt GameBase.cpp "glm util\frustum.cpp" glm\detail\dummy.cpp glm\detail\glm.cpp main.cpp Octree\Node.cpp "Render Sys\CullFrustum.cpp" "Render Sys\LayerGen.cpp" "Render Sys\OctreeRenderer.cpp" "Render Sys\QuadVAO.cpp" "Render Sys\camera.cpp" "Render Sys\QuadMask\QuadMask.cpp" "Render Sys\RenderBox.cpp" "OpenGL Layer\ShaderProgram.cpp" stopwatch.cpp Security\trial.cpp
         trial.cpp
         stopwatch.cpp
     1>c:\users\blaza\documents\projects\blockadevs - copy\blockade_vs\stopwatch.cpp(17): warning C4244: 'return': conversion from 'float' to '__int64', possible loss of data
         ShaderProgram.cpp
         RenderBox.cpp
         QuadMask.cpp
     1>c:\users\blaza\documents\projects\blockadevs - copy\blockade_vs\render sys\quadmask\quadmask.cpp(27): warning C4018: '<': signed/unsigned mismatch
     1>c:\users\blaza\documents\projects\blockadevs - copy\blockade_vs\render sys\quadmask\quadmask.cpp(29): warning C4018: '<': signed/unsigned mismatch
     1>c:\users\blaza\documents\projects\blockadevs - copy\blockade_vs\render sys\quadmask\quadmask.cpp(48): warning C4018: '<': signed/unsigned mismatch
     1>c:\users\blaza\documents\projects\blockadevs - copy\blockade_vs\render sys\quadmask\quadmask.cpp(72): warning C4018: '<': signed/unsigned mismatch
     1>c:\users\blaza\documents\projects\blockadevs - copy\blockade_vs\render sys\quadmask\quadmask.cpp(73): warning C4018: '<': signed/unsigned mismatch
         camera.cpp
         QuadVAO.cpp
     1>c:\users\blaza\documents\projects\blockadevs - copy\blockade_vs\render sys\quadvao.cpp(64): warning C4312: 'type cast': conversion from 'int' to 'void *' of greater size
     1>c:\users\blaza\documents\projects\blockadevs - copy\blockade_vs\render sys\quadvao.cpp(65): warning C4312: 'type cast': conversion from 'int' to 'void *' of greater size
     1>c:\users\blaza\documents\projects\blockadevs - copy\blockade_vs\render sys\quadvao.cpp(66): warning C4312: 'type cast': conversion from 'int' to 'void *' of greater size
     1>c:\users\blaza\documents\projects\blockadevs - copy\blockade_vs\render sys\quadvao.cpp(67): warning C4312: 'type cast': conversion from 'int' to 'void *' of greater size
     1>c:\users\blaza\documents\projects\blockadevs - copy\blockade_vs\render sys\quadvao.cpp(68): warning C4312: 'type cast': conversion from 'int' to 'void *' of greater size
     1>c:\users\blaza\documents\projects\blockadevs - copy\blockade_vs\render sys\quadvao.cpp(90): warning C4244: 'initializing': conversion from 'uintptr_t' to 'int', possible loss of data
     1>c:\users\blaza\documents\projects\blockadevs - copy\blockade_vs\render sys\quadvao.cpp(115): warning C4244: 'initializing': conversion from 'uintptr_t' to 'int', possible loss of data
     1>c:\users\blaza\documents\projects\blockadevs - copy\blockade_vs\render sys\quadvao.cpp(164): warning C4312: 'type cast': conversion from 'int' to 'void *' of greater size
     1>c:\users\blaza\documents\projects\blockadevs - copy\blockade_vs\render sys\quadvao.cpp(181): warning C4312: 'type cast': conversion from 'int' to 'void *' of greater size
         OctreeRenderer.cpp
     1>c:\users\blaza\documents\projects\blockadevs - copy\blockade_vs\render sys\layergen.h(119): warning C4805: '|': unsafe mix of type 'int' and type 'const bool' in operation
     1>c:\users\blaza\documents\projects\blockadevs - copy\blockade_vs\render sys\layergen.h(217): warning C4102: 'childrenCode': unreferenced label
     1>c:\users\blaza\documents\projects\blockadevs - copy\blockade_vs\render sys\octreerenderer.cpp(93): warning C4800: 'const Uint8': forcing value to bool 'true' or 'false' (performance warning)
     1>c:\users\blaza\documents\projects\blockadevs - copy\blockade_vs\render sys\quadmask\quadmask_stamp4.h(226): warning C4805: '|=': unsafe mix of type 'bool' and type 'int64_t' in operation
         c:\users\blaza\documents\projects\blockadevs - copy\blockade_vs\render sys\quadmask\quadmask_stamp4.h(333): note: see reference to function template instantiation 'int SoftRendering::QuadMask::isQuadFullyOccludedRaster_stamp4<8>(sseutil::bareVec4f [],sseutil::bareVec4f [],sseutil::bareVec4f [],int64_t *,sseutil::bareVec4i &)' being compiled
         c:\users\blaza\documents\projects\blockadevs - copy\blockade_vs\render sys\layergen.h(172): note: see reference to function template instantiation 'int SoftRendering::QuadMask::isQuadFullyOccluded_stamp4<8>(SoftRendering::BorderEightLines &)' being compiled
     1>c:\users\blaza\documents\projects\blockadevs - copy\blockade_vs\render sys\quadmask\quadmask_stamp4.h(226): warning C4805: '|': unsafe mix of type 'bool' and type 'int64_t' in operation
     1>c:\users\blaza\documents\projects\blockadevs - copy\blockade_vs\render sys\quadmask\quadmask_stamp4.h(226): warning C4800: 'int64_t': forcing value to bool 'true' or 'false' (performance warning)
     1>c:\users\blaza\documents\projects\blockadevs - copy\blockade_vs\render sys\quadmask\quadmask_stamp4.h(300): warning C4805: '|=': unsafe mix of type 'bool' and type 'int64_t' in operation
     1>c:\users\blaza\documents\projects\blockadevs - copy\blockade_vs\render sys\quadmask\quadmask_stamp4.h(300): warning C4805: '|': unsafe mix of type 'bool' and type 'int64_t' in operation
     1>c:\users\blaza\documents\projects\blockadevs - copy\blockade_vs\render sys\quadmask\quadmask_stamp4.h(300): warning C4800: 'int64_t': forcing value to bool 'true' or 'false' (performance warning)
     1>c:\program files (x86)\microsoft visual studio 14.0\vc\include\memory(1636): warning C4316: 'std::tuple<void (__cdecl *)(LayerGen::GenData *,Octree::Node &,glm::vec3,glm::vec3),LayerGen::GenData *,Octree::Node,glm::tvec3<float,0>,glm::tvec3<float,0>>': object allocated on the heap may not be aligned 32
         c:\program files (x86)\microsoft visual studio 14.0\vc\include\thread(50): note: see reference to function template instantiation 'std::unique_ptr<std::tuple<void (__cdecl *)(LayerGen::GenData *,Octree::Node &,glm::vec3,glm::vec3),LayerGen::GenData *,Octree::Node,glm::tvec3<float,0>,glm::tvec3<float,0>>,std::default_delete<std::tuple<void (__cdecl *)(LayerGen::GenData *,Octree::Node &,glm::vec3,glm::vec3),LayerGen::GenData *,Octree::Node,glm::tvec3<float,0>,glm::tvec3<float,0>>>> std::make_unique<std::tuple<void (__cdecl *)(LayerGen::GenData *,Octree::Node &,glm::vec3,glm::vec3),LayerGen::GenData *,Octree::Node,glm::tvec3<float,0>,glm::tvec3<float,0>>,void(__cdecl &)(LayerGen::GenData *,Octree::Node &,glm::vec3,glm::vec3),_Ty,Octree::Node&,glm::vec3&,glm::vec3&>(void (__cdecl &)(LayerGen::GenData *,Octree::Node &,glm::vec3,glm::vec3),_Ty &&,Octree::Node &,glm::vec3 &,glm::vec3 &)' being compiled
                 with
                 [
                     _Ty=LayerGen::GenData *
                 ]
         c:\users\blaza\documents\projects\blockadevs - copy\blockade_vs\render sys\octreerenderer.cpp(130): note: see reference to function template instantiation 'std::thread::thread<void(__cdecl &)(LayerGen::GenData *,Octree::Node &,glm::vec3,glm::vec3),LayerGen::GenData*,Octree::Node&,glm::vec3&,glm::vec3&,void>(_Fn,LayerGen::GenData *&&,Octree::Node &,glm::vec3 &,glm::vec3 &)' being compiled
                 with
                 [
                     _Fn=void (__cdecl &)(LayerGen::GenData *,Octree::Node &,glm::vec3,glm::vec3)
                 ]
         LayerGen.cpp
     1>c:\users\blaza\documents\projects\blockadevs - copy\blockade_vs\render sys\layergen.h(119): warning C4805: '|': unsafe mix of type 'int' and type 'const bool' in operation
     1>c:\users\blaza\documents\projects\blockadevs - copy\blockade_vs\render sys\layergen.h(217): warning C4102: 'childrenCode': unreferenced label
     1>c:\users\blaza\documents\projects\blockadevs - copy\blockade_vs\render sys\quadmask\quadmask_stamp4.h(226): warning C4805: '|=': unsafe mix of type 'bool' and type 'int64_t' in operation
         c:\users\blaza\documents\projects\blockadevs - copy\blockade_vs\render sys\quadmask\quadmask_stamp4.h(333): note: see reference to function template instantiation 'int SoftRendering::QuadMask::isQuadFullyOccludedRaster_stamp4<8>(sseutil::bareVec4f [],sseutil::bareVec4f [],sseutil::bareVec4f [],int64_t *,sseutil::bareVec4i &)' being compiled
         c:\users\blaza\documents\projects\blockadevs - copy\blockade_vs\render sys\layergen.h(172): note: see reference to function template instantiation 'int SoftRendering::QuadMask::isQuadFullyOccluded_stamp4<8>(SoftRendering::BorderEightLines &)' being compiled
     1>c:\users\blaza\documents\projects\blockadevs - copy\blockade_vs\render sys\quadmask\quadmask_stamp4.h(226): warning C4805: '|': unsafe mix of type 'bool' and type 'int64_t' in operation
     1>c:\users\blaza\documents\projects\blockadevs - copy\blockade_vs\render sys\quadmask\quadmask_stamp4.h(226): warning C4800: 'int64_t': forcing value to bool 'true' or 'false' (performance warning)
     1>c:\users\blaza\documents\projects\blockadevs - copy\blockade_vs\render sys\quadmask\quadmask_stamp4.h(300): warning C4805: '|=': unsafe mix of type 'bool' and type 'int64_t' in operation
     1>c:\users\blaza\documents\projects\blockadevs - copy\blockade_vs\render sys\quadmask\quadmask_stamp4.h(300): warning C4805: '|': unsafe mix of type 'bool' and type 'int64_t' in operation
     1>c:\users\blaza\documents\projects\blockadevs - copy\blockade_vs\render sys\quadmask\quadmask_stamp4.h(300): warning C4800: 'int64_t': forcing value to bool 'true' or 'false' (performance warning)
         CullFrustum.cpp
         Node.cpp
         main.cpp
         glm.cpp
         dummy.cpp
         GLM: version 0.9.6.3
         GLM: Windows platform detected
         GLM: Visual C++ compiler detected
         GLM: 64 bits model
         GLM: C++0x
         GLM: Language extensions enabled
         GLM: Platform independent code
         GLM: Swizzling operators disabled, #define GLM_SWIZZLE to enable swizzle operators
         GLM: .length() returns glm::length_t, a typedef of int following the GLSL specification
         GLM: Core library included
         GLM: All extensions included (not recommanded)
         GLM: GLM_GTC_bitfield extension included
         GLM: GLM_GTC_constants extension included
         GLM: GLM_GTC_epsilon extension included
         GLM: GLM_GTC_quaternion extension included
         GLM: GLM_GTC_integer extension included
         GLM: GLM_GTC_matrix_access extension included
         GLM: GLM_GTC_matrix_integer extension included
         GLM: GLM_GTC_matrix_inverse extension included
         GLM: GLM_GTC_matrix_transform extension included
         GLM: GLM_GTC_noise extension included
         GLM: GLM_GTC_vec1 extension included
         GLM: GLM_GTC_type_precision extension included
         GLM: GLM_GTC_packing extension included
         GLM: GLM_GTC_random extension included
         GLM: GLM_GTC_reciprocal extension included
         GLM: GLM_GTC_integer extension included
         GLM: GLM_GTC_type_ptr extension included
         GLM: GLM_GTC_ulp extension included
         GLM: GLM_GTX_associated_min_max extension included
         GLM: GLM_GTX_bit extension is deprecated, include GLM_GTC_bitfield and GLM_GTC_integer instead
         GLM: GLM_GTX_closest_point extension included
         GLM: GLM_GTX_color_space extension included
         GLM: GLM_GTX_color_space_YCoCg extension included
         GLM: GLM_GTX_compatibility extension included
         GLM: GLM_GTX_component_wise extension included
         GLM: GLM_GTX_dual_quaternion extension included
         GLM: GLM_GTX_euler_angles extension included
         GLM: GLM_GTX_extend extension included
         GLM: GLM_GTX_extented_min_max extension included
         GLM: GLM_GTX_fast_exponential extension included
         GLM: GLM_GTX_fast_square_root extension included
         GLM: GLM_GTX_fast_trigonometry extension included
         GLM: GLM_GTX_optimum_pow extension included
         GLM: GLM_GTX_gradient_paint extension included
         GLM: GLM_GTX_handed_coordinate_space extension included
         GLM: GLM_GTX_integer extension included
         GLM: GLM_GTX_closest_point extension included
         GLM: GLM_GTX_log_base extension included
         GLM: GLM_GTX_matrix_cross_product extension included
         GLM: GLM_GTX_matrix_interpolation extension included
         GLM: GLM_GTX_matrix_major_storage extension included
         GLM: GLM_GTX_matrix_operation extension included
         GLM: GLM_GTX_vector_query extension included
         GLM: GLM_GTX_matrix_query extension included
         GLM: GLM_GTX_mixed_product extension included
         GLM: GLM_GTX_quaternion extension included
         GLM: GLM_GTX_norm extension included
         GLM: GLM_GTX_normal extension included
         GLM: GLM_GTX_normalize_dot extension included
         GLM: GLM_GTX_number_precision extension included
         GLM: GLM_GTX_orthonormalize extension included
         GLM: GLM_GTX_projection extension included
         GLM: GLM_GTX_perpendicular extension included
         GLM: GLM_GTX_polar_coordinates extension included
         GLM: GLM_GTX_raw_data extension included
         GLM: GLM_GTX_transform extension included
         GLM: GLM_GTX_rotate_vector extension included
         GLM: GLM_GTX_spline extension included
         GLM: GLM_GTX_std_based_type extension included
         GLM: GLM_GTX_string_cast extension included
         GLM: GLM_GTX_transform2 extension included
         GLM: GLM_GTX_type_aligned extension included
         GLM: GLM_GTX_vector_angle extension included
         GLM: GLM_GTX_wrap extension included
         frustum.cpp
         GameBase.cpp
         Generating Code...
     1>c:\users\blaza\documents\projects\blockadevs - copy\blockade_vs\render sys\cullfrustum.h(252): warning C4752: found Intel(R) Advanced Vector Extensions; consider using /arch:AVX
     1>c:\users\blaza\documents\projects\blockadevs - copy\blockade_vs\render sys\renderbox.h(39): warning C4752: found Intel(R) Advanced Vector Extensions; consider using /arch:AVX
     1>c:\users\blaza\documents\projects\blockadevs - copy\blockade_vs\render sys\layergen.h(61): warning C4752: found Intel(R) Advanced Vector Extensions; consider using /arch:AVX
     1>c:\users\blaza\documents\projects\blockadevs - copy\blockade_vs\render sys\cullfrustum.h(130): warning C4752: found Intel(R) Advanced Vector Extensions; consider using /arch:AVX
     1>c:\users\blaza\documents\projects\blockadevs - copy\blockade_vs\render sys\layergen.h(140): warning C4752: found Intel(R) Advanced Vector Extensions; consider using /arch:AVX
     1>c:\users\blaza\documents\projects\blockadevs - copy\blockade_vs\render sys\layergen.h(308): warning C4752: found Intel(R) Advanced Vector Extensions; consider using /arch:AVX
     1>c:\users\blaza\documents\projects\blockadevs - copy\blockade_vs\render sys\renderbox.cpp(300): warning C4752: found Intel(R) Advanced Vector Extensions; consider using /arch:AVX
     1>c:\users\blaza\documents\projects\blockadevs - copy\blockade_vs\render sys\renderbox.cpp(387): warning C4752: found Intel(R) Advanced Vector Extensions; consider using /arch:AVX
       Link:
         C:\Program Files (x86)\Microsoft Visual Studio 14.0\VC\bin\x86_amd64\link.exe /ERRORREPORT:PROMPT /OUT:"C:\Users\blaza\Documents\Projects\BlockadeVS - Copy\x64\Debug\blockade_vs.exe" /INCREMENTAL /NOLOGO SDL2.lib SDL2main.lib glew32.lib opengl32.lib SDL2_image.lib kernel32.lib user32.lib gdi32.lib winspool.lib comdlg32.lib advapi32.lib shell32.lib ole32.lib oleaut32.lib uuid.lib odbc32.lib odbccp32.lib /MANIFEST /MANIFESTUAC:"level='asInvoker' uiAccess='false'" /manifest:embed /Debug /PDB:"C:\Users\blaza\Documents\Projects\BlockadeVS - Copy\x64\Debug\blockade_vs.pdb" /SUBSYSTEM:CONSOLE /TLBID:1 /DYNAMICBASE /NXCOMPAT /IMPLIB:"C:\Users\blaza\Documents\Projects\BlockadeVS - Copy\x64\Debug\blockade_vs.lib" /MACHINE:X64 "C:\Users\blaza\Documents\Projects\BlockadeVS - Copy\\interim\x64\Debug\GameBase.obj"
         "C:\Users\blaza\Documents\Projects\BlockadeVS - Copy\\interim\x64\Debug\frustum.obj"
         "C:\Users\blaza\Documents\Projects\BlockadeVS - Copy\\interim\x64\Debug\dummy.obj"
         "C:\Users\blaza\Documents\Projects\BlockadeVS - Copy\\interim\x64\Debug\glm.obj"
         "C:\Users\blaza\Documents\Projects\BlockadeVS - Copy\\interim\x64\Debug\main.obj"
         "C:\Users\blaza\Documents\Projects\BlockadeVS - Copy\\interim\x64\Debug\Node.obj"
         "C:\Users\blaza\Documents\Projects\BlockadeVS - Copy\\interim\x64\Debug\CullFrustum.obj"
         "C:\Users\blaza\Documents\Projects\BlockadeVS - Copy\\interim\x64\Debug\LayerGen.obj"
         "C:\Users\blaza\Documents\Projects\BlockadeVS - Copy\\interim\x64\Debug\OctreeRenderer.obj"
         "C:\Users\blaza\Documents\Projects\BlockadeVS - Copy\\interim\x64\Debug\QuadVAO.obj"
         "C:\Users\blaza\Documents\Projects\BlockadeVS - Copy\\interim\x64\Debug\camera.obj"
         "C:\Users\blaza\Documents\Projects\BlockadeVS - Copy\\interim\x64\Debug\QuadMask.obj"
         "C:\Users\blaza\Documents\Projects\BlockadeVS - Copy\\interim\x64\Debug\RenderBox.obj"
         "C:\Users\blaza\Documents\Projects\BlockadeVS - Copy\\interim\x64\Debug\ShaderProgram.obj"
         "C:\Users\blaza\Documents\Projects\BlockadeVS - Copy\\interim\x64\Debug\stopwatch.obj"
         "C:\Users\blaza\Documents\Projects\BlockadeVS - Copy\\interim\x64\Debug\trial.obj"
         libs\SDL2.lib
         libs\SDL2main.lib
     1>MSVCRTD.lib(initializers.obj) : warning LNK4098: defaultlib 'libcmt.lib' conflicts with use of other libs; use /NODEFAULTLIB:library
         blockade_vs.vcxproj -> C:\Users\blaza\Documents\Projects\BlockadeVS - Copy\x64\Debug\blockade_vs.exe
     1>Done Building Project "C:\Users\blaza\Documents\Projects\BlockadeVS - Copy\blockade_vs\blockade_vs.vcxproj" (Build target(s)).

Build succeeded.

Time Elapsed 00:00:29.63
